2015-01-13 00:08:24 =ERROR REPORT====
GET /messages/receive_chat/1421080748893167 [loy] 404 0ms2015-01-13 00:08:31 =ERROR REPORT====
GET /messages/receive_chat/1421080748893167 [loy] 404 0ms2015-01-13 00:08:44 =ERROR REPORT====
GET /messages/receive_chat/1421080748893167 [loy] 404 0ms2015-01-13 00:08:45 =ERROR REPORT====
GET /messages/receive_chat/1421080748893167 [loy] 404 0ms2015-01-13 00:08:49 =ERROR REPORT====
GET /messages/receive_chat/1421080748893167 [loy] 404 0ms2015-01-13 00:13:39 =SUPERVISOR REPORT====
     Supervisor: {<0.123.0>,poolboy_sup}
     Context:    shutdown_error
     Reason:     shutdown
     Offender:   [{nb_children,1},{name,boss_session_controller},{mfargs,{boss_session_controller,start_link,[[{name,{local,boss_session_pool}},{worker_module,boss_session_controller},{size,20},{max_overflow,40},{adapter,boss_session_adapter_mock},{session_exp_time,525600},{session_key,"_boss_session"}]]}},{restart_type,temporary},{shutdown,5000},{child_type,worker}]

2015-01-13 09:36:23 =ERROR REPORT====
Ranch listener boss_http_listener had connection process started with cowboy_protocol:start_link/4 at <0.288.0> exit with reason: killed
2015-01-13 10:08:33 =ERROR REPORT====
Ranch listener boss_http_listener had connection process started with cowboy_protocol:start_link/4 at <0.367.0> exit with reason: killed
2015-01-13 11:17:13 =ERROR REPORT====
Ranch listener boss_http_listener had connection process started with cowboy_protocol:start_link/4 at <0.387.0> exit with reason: killed
2015-01-13 11:17:13 =ERROR REPORT====
Ranch listener boss_http_listener had connection process started with cowboy_protocol:start_link/4 at <0.405.0> exit with reason: killed
2015-01-13 11:17:13 =ERROR REPORT====
Ranch listener boss_http_listener had connection process started with cowboy_protocol:start_link/4 at <0.446.0> exit with reason: killed
2015-01-13 11:17:13 =ERROR REPORT====
Ranch listener boss_http_listener had connection process started with cowboy_protocol:start_link/4 at <0.448.0> exit with reason: killed
2015-01-13 11:17:13 =ERROR REPORT====
Ranch listener boss_http_listener had connection process started with cowboy_protocol:start_link/4 at <0.457.0> exit with reason: killed
2015-01-13 11:17:13 =ERROR REPORT====
Ranch listener boss_http_listener had connection process started with cowboy_protocol:start_link/4 at <0.385.0> exit with reason: killed
2015-01-13 11:17:13 =ERROR REPORT====
Ranch listener boss_http_listener had connection process started with cowboy_protocol:start_link/4 at <0.451.0> exit with reason: killed
2015-01-13 11:17:13 =ERROR REPORT====
Ranch listener boss_http_listener had connection process started with cowboy_protocol:start_link/4 at <0.407.0> exit with reason: killed
2015-01-13 11:30:49 =ERROR REPORT====
Ranch listener boss_http_listener had connection process started with cowboy_protocol:start_link/4 at <0.478.0> exit with reason: killed
2015-01-13 11:30:49 =ERROR REPORT====
Ranch listener boss_http_listener had connection process started with cowboy_protocol:start_link/4 at <0.480.0> exit with reason: killed
2015-01-13 11:33:20 =ERROR REPORT====
Ranch listener boss_http_listener had connection process started with cowboy_protocol:start_link/4 at <0.506.0> exit with reason: killed
2015-01-13 11:37:29 =SUPERVISOR REPORT====
     Supervisor: {<0.122.0>,poolboy_sup}
     Context:    shutdown_error
     Reason:     shutdown
     Offender:   [{nb_children,6},{name,boss_session_controller},{mfargs,{boss_session_controller,start_link,[[{name,{local,boss_session_pool}},{worker_module,boss_session_controller},{size,20},{max_overflow,40},{adapter,boss_session_adapter_mock},{session_exp_time,525600},{session_key,"_boss_session"}]]}},{restart_type,temporary},{shutdown,5000},{child_type,worker}]

2015-01-13 21:50:01 =ERROR REPORT====
GET / [loy] 404 0ms2015-01-13 22:20:00 =ERROR REPORT====
Ranch listener boss_http_listener had connection process started with cowboy_protocol:start_link/4 at <0.327.0> exit with reason: killed
2015-01-13 22:20:00 =ERROR REPORT====
Ranch listener boss_http_listener had connection process started with cowboy_protocol:start_link/4 at <0.312.0> exit with reason: killed
2015-01-13 23:02:07 =SUPERVISOR REPORT====
     Supervisor: {<0.122.0>,poolboy_sup}
     Context:    shutdown_error
     Reason:     shutdown
     Offender:   [{nb_children,1},{name,boss_session_controller},{mfargs,{boss_session_controller,start_link,[[{name,{local,boss_session_pool}},{worker_module,boss_session_controller},{size,20},{max_overflow,40},{adapter,boss_session_adapter_mock},{session_exp_time,525600},{session_key,"_boss_session"}]]}},{restart_type,temporary},{shutdown,5000},{child_type,worker}]

2015-01-13 23:15:59 =SUPERVISOR REPORT====
     Supervisor: {<0.123.0>,poolboy_sup}
     Context:    shutdown_error
     Reason:     shutdown
     Offender:   [{nb_children,2},{name,boss_session_controller},{mfargs,{boss_session_controller,start_link,[[{name,{local,boss_session_pool}},{worker_module,boss_session_controller},{size,20},{max_overflow,40},{adapter,boss_session_adapter_mock},{session_exp_time,525600},{session_key,"_boss_session"}]]}},{restart_type,temporary},{shutdown,5000},{child_type,worker}]

2015-01-13 23:47:11 =ERROR REPORT====
Ranch listener boss_http_listener had connection process started with cowboy_protocol:start_link/4 at <0.338.0> exit with reason: killed
2015-01-13 23:47:16 =SUPERVISOR REPORT====
     Supervisor: {<0.123.0>,poolboy_sup}
     Context:    shutdown_error
     Reason:     shutdown
     Offender:   [{nb_children,11},{name,boss_session_controller},{mfargs,{boss_session_controller,start_link,[[{name,{local,boss_session_pool}},{worker_module,boss_session_controller},{size,20},{max_overflow,40},{adapter,boss_session_adapter_mock},{session_exp_time,525600},{session_key,"_boss_session"}]]}},{restart_type,temporary},{shutdown,5000},{child_type,worker}]

